<?xml version="1.0" encoding="UTF-8"?>
<!-- Generated by org.testng.reporters.JUnitReportReporter -->
<testsuite hostname="LAPTOP-4O5F9R05" failures="0" tests="1" name="runner.RunnerClass" time="0.670" errors="0" timestamp="2024-11-29T00:12:46 IST" skipped="0">
  <testcase classname="runner.RunnerClass" name="runScenario" time="0.670"/>
</testsuite> <!-- runner.RunnerClass -->
